<?xml version="1.0" encoding="UTF-8"?>
<testsuite xmlns:xsi="http://www.w3.org/2001/XMLSchema-instance" xsi:noNamespaceSchemaLocation="https://maven.apache.org/surefire/maven-surefire-plugin/xsd/surefire-test-report-3.0.xsd" version="3.0" name="com.oracle.MainTest" time="4.456" tests="5" errors="0" skipped="0" failures="0">
  <properties>
[...]
</properties>
  <testcase name="testGreetings" classname="com.oracle.MainTest" time="0.55">
    <system-out><![CDATA[2023.08.11 16:50:38 INFO io.helidon.common.LogConfig Thread[main,5,main]: Logging at initialization configured using C:\Users\omesh sharma\Downloads\start-web-helidon\start-web-helidon\target\classes\logging.properties
2023.08.11 16:50:39 INFO io.helidon.microprofile.server.ServerCdiExtension Thread[main,5,main]: Registering JAX-RS Application: HelidonMP
2023.08.11 16:50:40 INFO io.helidon.webserver.NettyWebServer Thread[nioEventLoopGroup-2-1,10,main]: Channel '@default' started: [id: 0x30000fb3, L:/[0:0:0:0:0:0:0:0]:60526]
2023.08.11 16:50:40 INFO io.helidon.microprofile.server.ServerCdiExtension Thread[main,5,main]: Server started on http://localhost:60526 (and all other host addresses) in 4152 milliseconds (since JVM startup).
2023.08.11 16:50:40 INFO io.helidon.common.HelidonFeatures Thread[features-thread,5,main]: Helidon MP 3.2.2 features: [CDI, Config, Health, JAX-RS, Metrics, Open API, Server]
]]></system-out>
  </testcase>
  <testcase name="testGreet" classname="com.oracle.MainTest" time="0.018"/>
  <testcase name="testMetrics" classname="com.oracle.MainTest" time="0.041"/>
  <testcase name="testHealth" classname="com.oracle.MainTest" time="0.04"/>
  <testcase name="testMicroprofileMetrics" classname="com.oracle.MainTest" time="0.028"/>
</testsuite>